<?xml version="1.0" encoding="UTF-8"?>
<testng-results ignored="0" total="33" passed="31" failed="2" skipped="0">
  <reporter-output>
  </reporter-output>
  <suite started-at="2026-06-14T11:53:04 IST" name="AlmaShinesSuite" finished-at="2026-06-14T11:56:06 IST" duration-ms="182263">
    <groups>
    </groups>
    <test started-at="2026-06-14T11:53:04 IST" name="SignupAssessment" finished-at="2026-06-14T11:56:06 IST" duration-ms="182263">
      <class name="com.almashines.tests.OTPTests">
        <test-method is-config="true" signature="setup()[pri:0, instance:com.almashines.tests.OTPTests@7586beff]" started-at="2026-06-14T11:54:50 IST" name="setup" finished-at="2026-06-14T11:54:52 IST" duration-ms="2026" status="PASS">
          <reporter-output>
          </reporter-output>
        </test-method> <!-- setup -->
        <test-method is-config="true" signature="navigateToOTPPage()[pri:0, instance:com.almashines.tests.OTPTests@7586beff]" started-at="2026-06-14T11:54:52 IST" name="navigateToOTPPage" finished-at="2026-06-14T11:54:53 IST" duration-ms="1086" status="PASS">
          <reporter-output>
          </reporter-output>
        </test-method> <!-- navigateToOTPPage -->
        <test-method signature="verifyBlankOTP()[pri:0, instance:com.almashines.tests.OTPTests@7586beff]" started-at="2026-06-14T11:54:53 IST" name="verifyBlankOTP" description="Verify validation message for blank OTP" finished-at="2026-06-14T11:54:55 IST" duration-ms="1166" status="PASS">
          <reporter-output>
          </reporter-output>
        </test-method> <!-- verifyBlankOTP -->
        <test-method is-config="true" signature="tearDown()[pri:0, instance:com.almashines.tests.OTPTests@7586beff]" started-at="2026-06-14T11:54:55 IST" name="tearDown" finished-at="2026-06-14T11:54:55 IST" duration-ms="127" status="PASS">
          <reporter-output>
          </reporter-output>
        </test-method> <!-- tearDown -->
        <test-method is-config="true" signature="setup()[pri:0, instance:com.almashines.tests.OTPTests@7586beff]" started-at="2026-06-14T11:54:55 IST" name="setup" finished-at="2026-06-14T11:54:57 IST" duration-ms="2211" status="PASS">
          <reporter-output>
          </reporter-output>
        </test-method> <!-- setup -->
        <test-method is-config="true" signature="navigateToOTPPage()[pri:0, instance:com.almashines.tests.OTPTests@7586beff]" started-at="2026-06-14T11:54:57 IST" name="navigateToOTPPage" finished-at="2026-06-14T11:54:58 IST" duration-ms="1038" status="PASS">
          <reporter-output>
          </reporter-output>
        </test-method> <!-- navigateToOTPPage -->
        <test-method signature="verifyInvalidOTP(java.lang.String)[pri:0, instance:com.almashines.tests.OTPTests@7586beff]" started-at="2026-06-14T11:54:58 IST" name="verifyInvalidOTP" description="Verify invalid OTP formats" data-provider="invalidOtps" finished-at="2026-06-14T11:55:01 IST" duration-ms="2798" status="PASS">
          <params>
            <param index="0">
              <value>
                <![CDATA[111111]]>
              </value>
            </param>
          </params>
          <reporter-output>
          </reporter-output>
        </test-method> <!-- verifyInvalidOTP -->
        <test-method is-config="true" signature="tearDown()[pri:0, instance:com.almashines.tests.OTPTests@7586beff]" started-at="2026-06-14T11:55:01 IST" name="tearDown" finished-at="2026-06-14T11:55:01 IST" duration-ms="151" status="PASS">
          <reporter-output>
          </reporter-output>
        </test-method> <!-- tearDown -->
        <test-method is-config="true" signature="setup()[pri:0, instance:com.almashines.tests.OTPTests@7586beff]" started-at="2026-06-14T11:55:01 IST" name="setup" finished-at="2026-06-14T11:55:03 IST" duration-ms="2130" status="PASS">
          <reporter-output>
          </reporter-output>
        </test-method> <!-- setup -->
        <test-method is-config="true" signature="navigateToOTPPage()[pri:0, instance:com.almashines.tests.OTPTests@7586beff]" started-at="2026-06-14T11:55:03 IST" name="navigateToOTPPage" finished-at="2026-06-14T11:55:04 IST" duration-ms="1110" status="PASS">
          <reporter-output>
          </reporter-output>
        </test-method> <!-- navigateToOTPPage -->
        <test-method signature="verifyInvalidOTP(java.lang.String)[pri:0, instance:com.almashines.tests.OTPTests@7586beff]" started-at="2026-06-14T11:55:04 IST" name="verifyInvalidOTP" description="Verify invalid OTP formats" data-provider="invalidOtps" finished-at="2026-06-14T11:55:07 IST" duration-ms="2768" status="PASS">
          <params>
            <param index="0">
              <value>
                <![CDATA[abc123]]>
              </value>
            </param>
          </params>
          <reporter-output>
          </reporter-output>
        </test-method> <!-- verifyInvalidOTP -->
        <test-method is-config="true" signature="tearDown()[pri:0, instance:com.almashines.tests.OTPTests@7586beff]" started-at="2026-06-14T11:55:07 IST" name="tearDown" finished-at="2026-06-14T11:55:07 IST" duration-ms="131" status="PASS">
          <reporter-output>
          </reporter-output>
        </test-method> <!-- tearDown -->
        <test-method is-config="true" signature="setup()[pri:0, instance:com.almashines.tests.OTPTests@7586beff]" started-at="2026-06-14T11:55:07 IST" name="setup" finished-at="2026-06-14T11:55:09 IST" duration-ms="2015" status="PASS">
          <reporter-output>
          </reporter-output>
        </test-method> <!-- setup -->
        <test-method is-config="true" signature="navigateToOTPPage()[pri:0, instance:com.almashines.tests.OTPTests@7586beff]" started-at="2026-06-14T11:55:09 IST" name="navigateToOTPPage" finished-at="2026-06-14T11:55:10 IST" duration-ms="1078" status="PASS">
          <reporter-output>
          </reporter-output>
        </test-method> <!-- navigateToOTPPage -->
        <test-method signature="verifyInvalidOTP(java.lang.String)[pri:0, instance:com.almashines.tests.OTPTests@7586beff]" started-at="2026-06-14T11:55:10 IST" name="verifyInvalidOTP" description="Verify invalid OTP formats" data-provider="invalidOtps" finished-at="2026-06-14T11:55:13 IST" duration-ms="2804" status="PASS">
          <params>
            <param index="0">
              <value>
                <![CDATA[123]]>
              </value>
            </param>
          </params>
          <reporter-output>
          </reporter-output>
        </test-method> <!-- verifyInvalidOTP -->
        <test-method is-config="true" signature="tearDown()[pri:0, instance:com.almashines.tests.OTPTests@7586beff]" started-at="2026-06-14T11:55:13 IST" name="tearDown" finished-at="2026-06-14T11:55:13 IST" duration-ms="148" status="PASS">
          <reporter-output>
          </reporter-output>
        </test-method> <!-- tearDown -->
        <test-method is-config="true" signature="setup()[pri:0, instance:com.almashines.tests.OTPTests@7586beff]" started-at="2026-06-14T11:55:13 IST" name="setup" finished-at="2026-06-14T11:55:16 IST" duration-ms="2738" status="PASS">
          <reporter-output>
          </reporter-output>
        </test-method> <!-- setup -->
        <test-method is-config="true" signature="navigateToOTPPage()[pri:0, instance:com.almashines.tests.OTPTests@7586beff]" started-at="2026-06-14T11:55:16 IST" name="navigateToOTPPage" finished-at="2026-06-14T11:55:17 IST" duration-ms="1007" status="PASS">
          <reporter-output>
          </reporter-output>
        </test-method> <!-- navigateToOTPPage -->
        <test-method signature="verifyOTPPageDisplayed()[pri:0, instance:com.almashines.tests.OTPTests@7586beff]" started-at="2026-06-14T11:55:17 IST" name="verifyOTPPageDisplayed" description="Verify OTP page is displayed" finished-at="2026-06-14T11:55:19 IST" duration-ms="2118" status="PASS">
          <reporter-output>
          </reporter-output>
        </test-method> <!-- verifyOTPPageDisplayed -->
        <test-method is-config="true" signature="tearDown()[pri:0, instance:com.almashines.tests.OTPTests@7586beff]" started-at="2026-06-14T11:55:19 IST" name="tearDown" finished-at="2026-06-14T11:55:19 IST" duration-ms="154" status="PASS">
          <reporter-output>
          </reporter-output>
        </test-method> <!-- tearDown -->
        <test-method is-config="true" signature="setup()[pri:0, instance:com.almashines.tests.OTPTests@7586beff]" started-at="2026-06-14T11:55:19 IST" name="setup" finished-at="2026-06-14T11:55:21 IST" duration-ms="2002" status="PASS">
          <reporter-output>
          </reporter-output>
        </test-method> <!-- setup -->
        <test-method is-config="true" signature="navigateToOTPPage()[pri:0, instance:com.almashines.tests.OTPTests@7586beff]" started-at="2026-06-14T11:55:21 IST" name="navigateToOTPPage" finished-at="2026-06-14T11:55:22 IST" duration-ms="1035" status="PASS">
          <reporter-output>
          </reporter-output>
        </test-method> <!-- navigateToOTPPage -->
        <test-method signature="verifyOTPResendLimit()[pri:0, instance:com.almashines.tests.OTPTests@7586beff]" started-at="2026-06-14T11:55:22 IST" name="verifyOTPResendLimit" description="Verify resend OTP functionality" finished-at="2026-06-14T11:55:45 IST" duration-ms="22486" status="FAIL">
          <exception class="org.openqa.selenium.TimeoutException">
            <message>
              <![CDATA[Expected condition failed: waiting for visibility of element located by By.cssSelector: div.swal-text (tried for 20 second(s) with 500 milliseconds interval)
Build info: version: '4.22.0', revision: 'c5f3146703*'
System info: os.name: 'Windows 10', os.arch: 'amd64', os.version: '10.0', java.version: '23.0.2'
Driver info: org.openqa.selenium.chrome.ChromeDriver
Capabilities {acceptInsecureCerts: false, browserName: chrome, browserVersion: 148.0.7778.216, chrome: {chromedriverVersion: 148.0.7778.178 (d096af1c9e9..., userDataDir: C:\Users\HP\AppData\Local\T...}, fedcm:accounts: true, goog:chromeOptions: {debuggerAddress: localhost:55459}, goog:processID: 16644, networkConnectionEnabled: false, pageLoadStrategy: normal, platformName: windows, proxy: Proxy(), se:cdp: ws://localhost:55459/devtoo..., se:cdpVersion: 148.0.7778.216, setWindowRect: true, strictFileInteractability: false, timeouts: {implicit: 0, pageLoad: 300000, script: 30000}, unhandledPromptBehavior: dismiss and notify, webauthn:extension:credBlob: true, webauthn:extension:largeBlob: true, webauthn:extension:minPinLength: true, webauthn:extension:prf: true, webauthn:virtualAuthenticators: true}
Session ID: 04f62cb62a0e2ccc8ae1a404a1d75348]]>
            </message>
            <full-stacktrace>
              <![CDATA[org.openqa.selenium.TimeoutException: Expected condition failed: waiting for visibility of element located by By.cssSelector: div.swal-text (tried for 20 second(s) with 500 milliseconds interval)
Build info: version: '4.22.0', revision: 'c5f3146703*'
System info: os.name: 'Windows 10', os.arch: 'amd64', os.version: '10.0', java.version: '23.0.2'
Driver info: org.openqa.selenium.chrome.ChromeDriver
Capabilities {acceptInsecureCerts: false, browserName: chrome, browserVersion: 148.0.7778.216, chrome: {chromedriverVersion: 148.0.7778.178 (d096af1c9e9..., userDataDir: C:\Users\HP\AppData\Local\T...}, fedcm:accounts: true, goog:chromeOptions: {debuggerAddress: localhost:55459}, goog:processID: 16644, networkConnectionEnabled: false, pageLoadStrategy: normal, platformName: windows, proxy: Proxy(), se:cdp: ws://localhost:55459/devtoo..., se:cdpVersion: 148.0.7778.216, setWindowRect: true, strictFileInteractability: false, timeouts: {implicit: 0, pageLoad: 300000, script: 30000}, unhandledPromptBehavior: dismiss and notify, webauthn:extension:credBlob: true, webauthn:extension:largeBlob: true, webauthn:extension:minPinLength: true, webauthn:extension:prf: true, webauthn:virtualAuthenticators: true}
Session ID: 04f62cb62a0e2ccc8ae1a404a1d75348
at org.openqa.selenium.support.ui.WebDriverWait.timeoutException(WebDriverWait.java:84)
at org.openqa.selenium.support.ui.FluentWait.until(FluentWait.java:228)
at com.almashines.utils.WaitUtils.waitForVisibility(WaitUtils.java:20)
at com.almashines.pages.OTPPage.getPopupMessage(OTPPage.java:44)
at com.almashines.tests.OTPTests.verifyOTPResendLimit(OTPTests.java:85)
at java.base/jdk.internal.reflect.DirectMethodHandleAccessor.invoke(DirectMethodHandleAccessor.java:103)
at java.base/java.lang.reflect.Method.invoke(Method.java:580)
at org.testng.internal.invokers.MethodInvocationHelper.invokeMethod(MethodInvocationHelper.java:141)
at org.testng.internal.invokers.TestInvoker.invokeMethod(TestInvoker.java:686)
at org.testng.internal.invokers.TestInvoker.invokeTestMethod(TestInvoker.java:230)
at org.testng.internal.invokers.MethodRunner.runInSequence(MethodRunner.java:63)
at org.testng.internal.invokers.TestInvoker$MethodInvocationAgent.invoke(TestInvoker.java:992)
at org.testng.internal.invokers.TestInvoker.invokeTestMethods(TestInvoker.java:203)
at org.testng.internal.invokers.TestMethodWorker.invokeTestMethods(TestMethodWorker.java:154)
at org.testng.internal.invokers.TestMethodWorker.run(TestMethodWorker.java:134)
at java.base/java.util.ArrayList.forEach(ArrayList.java:1597)
at org.testng.TestRunner.privateRun(TestRunner.java:739)
at org.testng.TestRunner.run(TestRunner.java:614)
at org.testng.SuiteRunner.runTest(SuiteRunner.java:421)
at org.testng.SuiteRunner.runSequentially(SuiteRunner.java:413)
at org.testng.SuiteRunner.privateRun(SuiteRunner.java:373)
at org.testng.SuiteRunner.run(SuiteRunner.java:312)
at org.testng.SuiteRunnerWorker.runSuite(SuiteRunnerWorker.java:52)
at org.testng.SuiteRunnerWorker.run(SuiteRunnerWorker.java:95)
at org.testng.TestNG.runSuitesSequentially(TestNG.java:1274)
at org.testng.TestNG.runSuitesLocally(TestNG.java:1208)
at org.testng.TestNG.runSuites(TestNG.java:1112)
at org.testng.TestNG.run(TestNG.java:1079)
at org.apache.maven.surefire.testng.TestNGExecutor.run(TestNGExecutor.java:308)
at org.apache.maven.surefire.testng.TestNGXmlTestSuite.execute(TestNGXmlTestSuite.java:71)
at org.apache.maven.surefire.testng.TestNGProvider.invoke(TestNGProvider.java:113)
at org.apache.maven.surefire.booter.ForkedBooter.runSuitesInProcess(ForkedBooter.java:385)
at org.apache.maven.surefire.booter.ForkedBooter.execute(ForkedBooter.java:162)
at org.apache.maven.surefire.booter.ForkedBooter.run(ForkedBooter.java:507)
at org.apache.maven.surefire.booter.ForkedBooter.main(ForkedBooter.java:495)
]]>
            </full-stacktrace>
          </exception> <!-- org.openqa.selenium.TimeoutException -->
          <reporter-output>
          </reporter-output>
        </test-method> <!-- verifyOTPResendLimit -->
        <test-method is-config="true" signature="tearDown()[pri:0, instance:com.almashines.tests.OTPTests@7586beff]" started-at="2026-06-14T11:55:45 IST" name="tearDown" finished-at="2026-06-14T11:55:45 IST" duration-ms="165" status="PASS">
          <reporter-output>
          </reporter-output>
        </test-method> <!-- tearDown -->
      </class> <!-- com.almashines.tests.OTPTests -->
      <class name="com.almashines.tests.UserDetailsTests">
        <test-method is-config="true" signature="setup()[pri:0, instance:com.almashines.tests.UserDetailsTests@4c12331b]" started-at="2026-06-14T11:54:09 IST" name="setup" finished-at="2026-06-14T11:54:11 IST" duration-ms="2247" status="PASS">
          <reporter-output>
          </reporter-output>
        </test-method> <!-- setup -->
        <test-method is-config="true" signature="navigateToUserDetailsPage()[pri:0, instance:com.almashines.tests.UserDetailsTests@4c12331b]" started-at="2026-06-14T11:54:11 IST" name="navigateToUserDetailsPage" finished-at="2026-06-14T11:54:11 IST" duration-ms="182" status="PASS">
          <reporter-output>
          </reporter-output>
        </test-method> <!-- navigateToUserDetailsPage -->
        <test-method signature="verifyPasswordMismatch(java.lang.String,java.lang.String)[pri:0, instance:com.almashines.tests.UserDetailsTests@4c12331b]" started-at="2026-06-14T11:54:11 IST" name="verifyPasswordMismatch" description="Verify password mismatch validation" data-provider="mismatchPasswords" finished-at="2026-06-14T11:54:12 IST" duration-ms="851" status="PASS">
          <params>
            <param index="0">
              <value>
                <![CDATA[Test@123]]>
              </value>
            </param>
            <param index="1">
              <value>
                <![CDATA[Test@456]]>
              </value>
            </param>
          </params>
          <reporter-output>
          </reporter-output>
        </test-method> <!-- verifyPasswordMismatch -->
        <test-method is-config="true" signature="tearDown()[pri:0, instance:com.almashines.tests.UserDetailsTests@4c12331b]" started-at="2026-06-14T11:54:12 IST" name="tearDown" finished-at="2026-06-14T11:54:12 IST" duration-ms="116" status="PASS">
          <reporter-output>
          </reporter-output>
        </test-method> <!-- tearDown -->
        <test-method is-config="true" signature="setup()[pri:0, instance:com.almashines.tests.UserDetailsTests@4c12331b]" started-at="2026-06-14T11:54:12 IST" name="setup" finished-at="2026-06-14T11:54:15 IST" duration-ms="2135" status="PASS">
          <reporter-output>
          </reporter-output>
        </test-method> <!-- setup -->
        <test-method is-config="true" signature="navigateToUserDetailsPage()[pri:0, instance:com.almashines.tests.UserDetailsTests@4c12331b]" started-at="2026-06-14T11:54:15 IST" name="navigateToUserDetailsPage" finished-at="2026-06-14T11:54:15 IST" duration-ms="201" status="PASS">
          <reporter-output>
          </reporter-output>
        </test-method> <!-- navigateToUserDetailsPage -->
        <test-method signature="verifyPasswordMismatch(java.lang.String,java.lang.String)[pri:0, instance:com.almashines.tests.UserDetailsTests@4c12331b]" started-at="2026-06-14T11:54:15 IST" name="verifyPasswordMismatch" description="Verify password mismatch validation" data-provider="mismatchPasswords" finished-at="2026-06-14T11:54:16 IST" duration-ms="857" status="PASS">
          <params>
            <param index="0">
              <value>
                <![CDATA[Admin@123]]>
              </value>
            </param>
            <param index="1">
              <value>
                <![CDATA[Admin@999]]>
              </value>
            </param>
          </params>
          <reporter-output>
          </reporter-output>
        </test-method> <!-- verifyPasswordMismatch -->
        <test-method is-config="true" signature="tearDown()[pri:0, instance:com.almashines.tests.UserDetailsTests@4c12331b]" started-at="2026-06-14T11:54:16 IST" name="tearDown" finished-at="2026-06-14T11:54:16 IST" duration-ms="99" status="PASS">
          <reporter-output>
          </reporter-output>
        </test-method> <!-- tearDown -->
        <test-method is-config="true" signature="setup()[pri:0, instance:com.almashines.tests.UserDetailsTests@4c12331b]" started-at="2026-06-14T11:54:16 IST" name="setup" finished-at="2026-06-14T11:54:18 IST" duration-ms="1921" status="PASS">
          <reporter-output>
          </reporter-output>
        </test-method> <!-- setup -->
        <test-method is-config="true" signature="navigateToUserDetailsPage()[pri:0, instance:com.almashines.tests.UserDetailsTests@4c12331b]" started-at="2026-06-14T11:54:18 IST" name="navigateToUserDetailsPage" finished-at="2026-06-14T11:54:18 IST" duration-ms="205" status="PASS">
          <reporter-output>
          </reporter-output>
        </test-method> <!-- navigateToUserDetailsPage -->
        <test-method signature="verifyValidUserDetails()[pri:0, instance:com.almashines.tests.UserDetailsTests@4c12331b]" started-at="2026-06-14T11:54:18 IST" name="verifyValidUserDetails" description="Verify valid user details" finished-at="2026-06-14T11:54:21 IST" duration-ms="2963" status="PASS">
          <reporter-output>
          </reporter-output>
        </test-method> <!-- verifyValidUserDetails -->
        <test-method is-config="true" signature="tearDown()[pri:0, instance:com.almashines.tests.UserDetailsTests@4c12331b]" started-at="2026-06-14T11:54:21 IST" name="tearDown" finished-at="2026-06-14T11:54:21 IST" duration-ms="107" status="PASS">
          <reporter-output>
          </reporter-output>
        </test-method> <!-- tearDown -->
        <test-method is-config="true" signature="setup()[pri:0, instance:com.almashines.tests.UserDetailsTests@4c12331b]" started-at="2026-06-14T11:54:21 IST" name="setup" finished-at="2026-06-14T11:54:23 IST" duration-ms="1974" status="PASS">
          <reporter-output>
          </reporter-output>
        </test-method> <!-- setup -->
        <test-method is-config="true" signature="navigateToUserDetailsPage()[pri:0, instance:com.almashines.tests.UserDetailsTests@4c12331b]" started-at="2026-06-14T11:54:23 IST" name="navigateToUserDetailsPage" finished-at="2026-06-14T11:54:23 IST" duration-ms="185" status="PASS">
          <reporter-output>
          </reporter-output>
        </test-method> <!-- navigateToUserDetailsPage -->
        <test-method signature="verifyWeakPassword(java.lang.String)[pri:0, instance:com.almashines.tests.UserDetailsTests@4c12331b]" started-at="2026-06-14T11:54:23 IST" name="verifyWeakPassword" description="Verify weak password validation" data-provider="invalidPasswords" finished-at="2026-06-14T11:54:24 IST" duration-ms="830" status="PASS">
          <params>
            <param index="0">
              <value>
                <![CDATA[123]]>
              </value>
            </param>
          </params>
          <reporter-output>
          </reporter-output>
        </test-method> <!-- verifyWeakPassword -->
        <test-method is-config="true" signature="tearDown()[pri:0, instance:com.almashines.tests.UserDetailsTests@4c12331b]" started-at="2026-06-14T11:54:24 IST" name="tearDown" finished-at="2026-06-14T11:54:24 IST" duration-ms="99" status="PASS">
          <reporter-output>
          </reporter-output>
        </test-method> <!-- tearDown -->
        <test-method is-config="true" signature="setup()[pri:0, instance:com.almashines.tests.UserDetailsTests@4c12331b]" started-at="2026-06-14T11:54:24 IST" name="setup" finished-at="2026-06-14T11:54:29 IST" duration-ms="5451" status="PASS">
          <reporter-output>
          </reporter-output>
        </test-method> <!-- setup -->
        <test-method is-config="true" signature="navigateToUserDetailsPage()[pri:0, instance:com.almashines.tests.UserDetailsTests@4c12331b]" started-at="2026-06-14T11:54:29 IST" name="navigateToUserDetailsPage" finished-at="2026-06-14T11:54:30 IST" duration-ms="183" status="PASS">
          <reporter-output>
          </reporter-output>
        </test-method> <!-- navigateToUserDetailsPage -->
        <test-method signature="verifyWeakPassword(java.lang.String)[pri:0, instance:com.almashines.tests.UserDetailsTests@4c12331b]" started-at="2026-06-14T11:54:30 IST" name="verifyWeakPassword" description="Verify weak password validation" data-provider="invalidPasswords" finished-at="2026-06-14T11:54:30 IST" duration-ms="845" status="PASS">
          <params>
            <param index="0">
              <value>
                <![CDATA[abcd]]>
              </value>
            </param>
          </params>
          <reporter-output>
          </reporter-output>
        </test-method> <!-- verifyWeakPassword -->
        <test-method is-config="true" signature="tearDown()[pri:0, instance:com.almashines.tests.UserDetailsTests@4c12331b]" started-at="2026-06-14T11:54:30 IST" name="tearDown" finished-at="2026-06-14T11:54:31 IST" duration-ms="121" status="PASS">
          <reporter-output>
          </reporter-output>
        </test-method> <!-- tearDown -->
        <test-method is-config="true" signature="setup()[pri:0, instance:com.almashines.tests.UserDetailsTests@4c12331b]" started-at="2026-06-14T11:54:31 IST" name="setup" finished-at="2026-06-14T11:54:33 IST" duration-ms="2249" status="PASS">
          <reporter-output>
          </reporter-output>
        </test-method> <!-- setup -->
        <test-method is-config="true" signature="navigateToUserDetailsPage()[pri:0, instance:com.almashines.tests.UserDetailsTests@4c12331b]" started-at="2026-06-14T11:54:33 IST" name="navigateToUserDetailsPage" finished-at="2026-06-14T11:54:33 IST" duration-ms="213" status="PASS">
          <reporter-output>
          </reporter-output>
        </test-method> <!-- navigateToUserDetailsPage -->
        <test-method signature="verifyWeakPassword(java.lang.String)[pri:0, instance:com.almashines.tests.UserDetailsTests@4c12331b]" started-at="2026-06-14T11:54:33 IST" name="verifyWeakPassword" description="Verify weak password validation" data-provider="invalidPasswords" finished-at="2026-06-14T11:54:34 IST" duration-ms="838" status="PASS">
          <params>
            <param index="0">
              <value>
                <![CDATA[abcdefg]]>
              </value>
            </param>
          </params>
          <reporter-output>
          </reporter-output>
        </test-method> <!-- verifyWeakPassword -->
        <test-method is-config="true" signature="tearDown()[pri:0, instance:com.almashines.tests.UserDetailsTests@4c12331b]" started-at="2026-06-14T11:54:34 IST" name="tearDown" finished-at="2026-06-14T11:54:34 IST" duration-ms="116" status="PASS">
          <reporter-output>
          </reporter-output>
        </test-method> <!-- tearDown -->
        <test-method is-config="true" signature="setup()[pri:0, instance:com.almashines.tests.UserDetailsTests@4c12331b]" started-at="2026-06-14T11:54:34 IST" name="setup" finished-at="2026-06-14T11:54:36 IST" duration-ms="2000" status="PASS">
          <reporter-output>
          </reporter-output>
        </test-method> <!-- setup -->
        <test-method is-config="true" signature="navigateToUserDetailsPage()[pri:0, instance:com.almashines.tests.UserDetailsTests@4c12331b]" started-at="2026-06-14T11:54:36 IST" name="navigateToUserDetailsPage" finished-at="2026-06-14T11:54:36 IST" duration-ms="214" status="PASS">
          <reporter-output>
          </reporter-output>
        </test-method> <!-- navigateToUserDetailsPage -->
        <test-method signature="verifyWeakPassword(java.lang.String)[pri:0, instance:com.almashines.tests.UserDetailsTests@4c12331b]" started-at="2026-06-14T11:54:36 IST" name="verifyWeakPassword" description="Verify weak password validation" data-provider="invalidPasswords" finished-at="2026-06-14T11:54:37 IST" duration-ms="843" status="PASS">
          <params>
            <param index="0">
              <value>
                <![CDATA[1234567]]>
              </value>
            </param>
          </params>
          <reporter-output>
          </reporter-output>
        </test-method> <!-- verifyWeakPassword -->
        <test-method is-config="true" signature="tearDown()[pri:0, instance:com.almashines.tests.UserDetailsTests@4c12331b]" started-at="2026-06-14T11:54:37 IST" name="tearDown" finished-at="2026-06-14T11:54:37 IST" duration-ms="119" status="PASS">
          <reporter-output>
          </reporter-output>
        </test-method> <!-- tearDown -->
        <test-method is-config="true" signature="setup()[pri:0, instance:com.almashines.tests.UserDetailsTests@4c12331b]" started-at="2026-06-14T11:54:37 IST" name="setup" finished-at="2026-06-14T11:54:39 IST" duration-ms="2063" status="PASS">
          <reporter-output>
          </reporter-output>
        </test-method> <!-- setup -->
        <test-method is-config="true" signature="navigateToUserDetailsPage()[pri:0, instance:com.almashines.tests.UserDetailsTests@4c12331b]" started-at="2026-06-14T11:54:39 IST" name="navigateToUserDetailsPage" finished-at="2026-06-14T11:54:39 IST" duration-ms="191" status="PASS">
          <reporter-output>
          </reporter-output>
        </test-method> <!-- navigateToUserDetailsPage -->
        <test-method signature="verifyWeakPassword(java.lang.String)[pri:0, instance:com.almashines.tests.UserDetailsTests@4c12331b]" started-at="2026-06-14T11:54:39 IST" name="verifyWeakPassword" description="Verify weak password validation" data-provider="invalidPasswords" finished-at="2026-06-14T11:54:40 IST" duration-ms="852" status="PASS">
          <params>
            <param index="0">
              <value>
                <![CDATA[pass123]]>
              </value>
            </param>
          </params>
          <reporter-output>
          </reporter-output>
        </test-method> <!-- verifyWeakPassword -->
        <test-method is-config="true" signature="tearDown()[pri:0, instance:com.almashines.tests.UserDetailsTests@4c12331b]" started-at="2026-06-14T11:54:40 IST" name="tearDown" finished-at="2026-06-14T11:54:40 IST" duration-ms="102" status="PASS">
          <reporter-output>
          </reporter-output>
        </test-method> <!-- tearDown -->
        <test-method is-config="true" signature="setup()[pri:0, instance:com.almashines.tests.UserDetailsTests@4c12331b]" started-at="2026-06-14T11:54:40 IST" name="setup" finished-at="2026-06-14T11:54:42 IST" duration-ms="2066" status="PASS">
          <reporter-output>
          </reporter-output>
        </test-method> <!-- setup -->
        <test-method is-config="true" signature="navigateToUserDetailsPage()[pri:0, instance:com.almashines.tests.UserDetailsTests@4c12331b]" started-at="2026-06-14T11:54:42 IST" name="navigateToUserDetailsPage" finished-at="2026-06-14T11:54:43 IST" duration-ms="209" status="PASS">
          <reporter-output>
          </reporter-output>
        </test-method> <!-- navigateToUserDetailsPage -->
        <test-method signature="verifyWeakPassword(java.lang.String)[pri:0, instance:com.almashines.tests.UserDetailsTests@4c12331b]" started-at="2026-06-14T11:54:43 IST" name="verifyWeakPassword" description="Verify weak password validation" data-provider="invalidPasswords" finished-at="2026-06-14T11:54:44 IST" duration-ms="832" status="PASS">
          <params>
            <param index="0">
              <value>
                <![CDATA[weakpwd]]>
              </value>
            </param>
          </params>
          <reporter-output>
          </reporter-output>
        </test-method> <!-- verifyWeakPassword -->
        <test-method is-config="true" signature="tearDown()[pri:0, instance:com.almashines.tests.UserDetailsTests@4c12331b]" started-at="2026-06-14T11:54:44 IST" name="tearDown" finished-at="2026-06-14T11:54:44 IST" duration-ms="118" status="PASS">
          <reporter-output>
          </reporter-output>
        </test-method> <!-- tearDown -->
        <test-method is-config="true" signature="setup()[pri:0, instance:com.almashines.tests.UserDetailsTests@4c12331b]" started-at="2026-06-14T11:54:44 IST" name="setup" finished-at="2026-06-14T11:54:46 IST" duration-ms="1920" status="PASS">
          <reporter-output>
          </reporter-output>
        </test-method> <!-- setup -->
        <test-method is-config="true" signature="navigateToUserDetailsPage()[pri:0, instance:com.almashines.tests.UserDetailsTests@4c12331b]" started-at="2026-06-14T11:54:46 IST" name="navigateToUserDetailsPage" finished-at="2026-06-14T11:54:46 IST" duration-ms="278" status="PASS">
          <reporter-output>
          </reporter-output>
        </test-method> <!-- navigateToUserDetailsPage -->
        <test-method signature="verifyWeakPassword(java.lang.String)[pri:0, instance:com.almashines.tests.UserDetailsTests@4c12331b]" started-at="2026-06-14T11:54:46 IST" name="verifyWeakPassword" description="Verify weak password validation" data-provider="invalidPasswords" finished-at="2026-06-14T11:54:47 IST" duration-ms="850" status="PASS">
          <params>
            <param index="0">
              <value>
                <![CDATA[Password]]>
              </value>
            </param>
          </params>
          <reporter-output>
          </reporter-output>
        </test-method> <!-- verifyWeakPassword -->
        <test-method is-config="true" signature="tearDown()[pri:0, instance:com.almashines.tests.UserDetailsTests@4c12331b]" started-at="2026-06-14T11:54:47 IST" name="tearDown" finished-at="2026-06-14T11:54:47 IST" duration-ms="135" status="PASS">
          <reporter-output>
          </reporter-output>
        </test-method> <!-- tearDown -->
        <test-method is-config="true" signature="setup()[pri:0, instance:com.almashines.tests.UserDetailsTests@4c12331b]" started-at="2026-06-14T11:54:47 IST" name="setup" finished-at="2026-06-14T11:54:49 IST" duration-ms="2238" status="PASS">
          <reporter-output>
          </reporter-output>
        </test-method> <!-- setup -->
        <test-method is-config="true" signature="navigateToUserDetailsPage()[pri:0, instance:com.almashines.tests.UserDetailsTests@4c12331b]" started-at="2026-06-14T11:54:49 IST" name="navigateToUserDetailsPage" finished-at="2026-06-14T11:54:49 IST" duration-ms="259" status="PASS">
          <reporter-output>
          </reporter-output>
        </test-method> <!-- navigateToUserDetailsPage -->
        <test-method signature="verifyWeakPassword(java.lang.String)[pri:0, instance:com.almashines.tests.UserDetailsTests@4c12331b]" started-at="2026-06-14T11:54:49 IST" name="verifyWeakPassword" description="Verify weak password validation" data-provider="invalidPasswords" finished-at="2026-06-14T11:54:50 IST" duration-ms="855" status="PASS">
          <params>
            <param index="0">
              <value>
                <![CDATA[Password123]]>
              </value>
            </param>
          </params>
          <reporter-output>
          </reporter-output>
        </test-method> <!-- verifyWeakPassword -->
        <test-method is-config="true" signature="tearDown()[pri:0, instance:com.almashines.tests.UserDetailsTests@4c12331b]" started-at="2026-06-14T11:54:50 IST" name="tearDown" finished-at="2026-06-14T11:54:50 IST" duration-ms="119" status="PASS">
          <reporter-output>
          </reporter-output>
        </test-method> <!-- tearDown -->
      </class> <!-- com.almashines.tests.UserDetailsTests -->
      <class name="com.almashines.tests.SignupPageTests">
        <test-method is-config="true" signature="setup()[pri:0, instance:com.almashines.tests.SignupPageTests@35d019a3]" started-at="2026-06-14T11:53:04 IST" name="setup" finished-at="2026-06-14T11:53:08 IST" duration-ms="3869" status="PASS">
          <reporter-output>
          </reporter-output>
        </test-method> <!-- setup -->
        <test-method is-config="true" signature="initializePage()[pri:0, instance:com.almashines.tests.SignupPageTests@35d019a3]" started-at="2026-06-14T11:53:08 IST" name="initializePage" finished-at="2026-06-14T11:53:08 IST" duration-ms="6" status="PASS">
          <reporter-output>
          </reporter-output>
        </test-method> <!-- initializePage -->
        <test-method signature="verifyBlankEmail()[pri:0, instance:com.almashines.tests.SignupPageTests@35d019a3]" started-at="2026-06-14T11:53:08 IST" name="verifyBlankEmail" description="Verify blank email validation" finished-at="2026-06-14T11:53:08 IST" duration-ms="111" status="PASS">
          <reporter-output>
          </reporter-output>
        </test-method> <!-- verifyBlankEmail -->
        <test-method is-config="true" signature="tearDown()[pri:0, instance:com.almashines.tests.SignupPageTests@35d019a3]" started-at="2026-06-14T11:53:08 IST" name="tearDown" finished-at="2026-06-14T11:53:08 IST" duration-ms="105" status="PASS">
          <reporter-output>
          </reporter-output>
        </test-method> <!-- tearDown -->
        <test-method is-config="true" signature="setup()[pri:0, instance:com.almashines.tests.SignupPageTests@35d019a3]" started-at="2026-06-14T11:53:08 IST" name="setup" finished-at="2026-06-14T11:53:10 IST" duration-ms="2004" status="PASS">
          <reporter-output>
          </reporter-output>
        </test-method> <!-- setup -->
        <test-method is-config="true" signature="initializePage()[pri:0, instance:com.almashines.tests.SignupPageTests@35d019a3]" started-at="2026-06-14T11:53:10 IST" name="initializePage" finished-at="2026-06-14T11:53:10 IST" duration-ms="0" status="PASS">
          <reporter-output>
          </reporter-output>
        </test-method> <!-- initializePage -->
        <test-method signature="verifyEmailFieldDisplayed()[pri:0, instance:com.almashines.tests.SignupPageTests@35d019a3]" started-at="2026-06-14T11:53:10 IST" name="verifyEmailFieldDisplayed" description="Verify email field is displayed" finished-at="2026-06-14T11:53:10 IST" duration-ms="32" status="PASS">
          <reporter-output>
          </reporter-output>
        </test-method> <!-- verifyEmailFieldDisplayed -->
        <test-method is-config="true" signature="tearDown()[pri:0, instance:com.almashines.tests.SignupPageTests@35d019a3]" started-at="2026-06-14T11:53:10 IST" name="tearDown" finished-at="2026-06-14T11:53:10 IST" duration-ms="99" status="PASS">
          <reporter-output>
          </reporter-output>
        </test-method> <!-- tearDown -->
        <test-method is-config="true" signature="setup()[pri:0, instance:com.almashines.tests.SignupPageTests@35d019a3]" started-at="2026-06-14T11:53:10 IST" name="setup" finished-at="2026-06-14T11:53:12 IST" duration-ms="1984" status="PASS">
          <reporter-output>
          </reporter-output>
        </test-method> <!-- setup -->
        <test-method is-config="true" signature="initializePage()[pri:0, instance:com.almashines.tests.SignupPageTests@35d019a3]" started-at="2026-06-14T11:53:12 IST" name="initializePage" finished-at="2026-06-14T11:53:12 IST" duration-ms="1" status="PASS">
          <reporter-output>
          </reporter-output>
        </test-method> <!-- initializePage -->
        <test-method signature="verifyInvalidEmails(java.lang.String)[pri:0, instance:com.almashines.tests.SignupPageTests@35d019a3]" started-at="2026-06-14T11:53:12 IST" name="verifyInvalidEmails" description="Verify invalid email formats" data-provider="invalidEmails" finished-at="2026-06-14T11:53:13 IST" duration-ms="746" status="PASS">
          <params>
            <param index="0">
              <value>
                <![CDATA[abc]]>
              </value>
            </param>
          </params>
          <reporter-output>
          </reporter-output>
        </test-method> <!-- verifyInvalidEmails -->
        <test-method is-config="true" signature="tearDown()[pri:0, instance:com.almashines.tests.SignupPageTests@35d019a3]" started-at="2026-06-14T11:53:13 IST" name="tearDown" finished-at="2026-06-14T11:53:13 IST" duration-ms="108" status="PASS">
          <reporter-output>
          </reporter-output>
        </test-method> <!-- tearDown -->
        <test-method is-config="true" signature="setup()[pri:0, instance:com.almashines.tests.SignupPageTests@35d019a3]" started-at="2026-06-14T11:53:13 IST" name="setup" finished-at="2026-06-14T11:53:15 IST" duration-ms="2071" status="PASS">
          <reporter-output>
          </reporter-output>
        </test-method> <!-- setup -->
        <test-method is-config="true" signature="initializePage()[pri:0, instance:com.almashines.tests.SignupPageTests@35d019a3]" started-at="2026-06-14T11:53:15 IST" name="initializePage" finished-at="2026-06-14T11:53:15 IST" duration-ms="1" status="PASS">
          <reporter-output>
          </reporter-output>
        </test-method> <!-- initializePage -->
        <test-method signature="verifyInvalidEmails(java.lang.String)[pri:0, instance:com.almashines.tests.SignupPageTests@35d019a3]" started-at="2026-06-14T11:53:15 IST" name="verifyInvalidEmails" description="Verify invalid email formats" data-provider="invalidEmails" finished-at="2026-06-14T11:53:15 IST" duration-ms="200" status="PASS">
          <params>
            <param index="0">
              <value>
                <![CDATA[abc@]]>
              </value>
            </param>
          </params>
          <reporter-output>
          </reporter-output>
        </test-method> <!-- verifyInvalidEmails -->
        <test-method is-config="true" signature="tearDown()[pri:0, instance:com.almashines.tests.SignupPageTests@35d019a3]" started-at="2026-06-14T11:53:15 IST" name="tearDown" finished-at="2026-06-14T11:53:16 IST" duration-ms="103" status="PASS">
          <reporter-output>
          </reporter-output>
        </test-method> <!-- tearDown -->
        <test-method is-config="true" signature="setup()[pri:0, instance:com.almashines.tests.SignupPageTests@35d019a3]" started-at="2026-06-14T11:53:16 IST" name="setup" finished-at="2026-06-14T11:53:18 IST" duration-ms="2167" status="PASS">
          <reporter-output>
          </reporter-output>
        </test-method> <!-- setup -->
        <test-method signature="verifyInvalidEmails(java.lang.String)[pri:0, instance:com.almashines.tests.SignupPageTests@35d019a3]" started-at="2026-06-14T11:53:18 IST" name="verifyInvalidEmails" description="Verify invalid email formats" data-provider="invalidEmails" finished-at="2026-06-14T11:53:18 IST" duration-ms="196" status="PASS">
          <params>
            <param index="0">
              <value>
                <![CDATA[abc.com]]>
              </value>
            </param>
          </params>
          <reporter-output>
          </reporter-output>
        </test-method> <!-- verifyInvalidEmails -->
        <test-method is-config="true" signature="initializePage()[pri:0, instance:com.almashines.tests.SignupPageTests@35d019a3]" started-at="2026-06-14T11:53:18 IST" name="initializePage" finished-at="2026-06-14T11:53:18 IST" duration-ms="0" status="PASS">
          <reporter-output>
          </reporter-output>
        </test-method> <!-- initializePage -->
        <test-method is-config="true" signature="tearDown()[pri:0, instance:com.almashines.tests.SignupPageTests@35d019a3]" started-at="2026-06-14T11:53:18 IST" name="tearDown" finished-at="2026-06-14T11:53:18 IST" duration-ms="108" status="PASS">
          <reporter-output>
          </reporter-output>
        </test-method> <!-- tearDown -->
        <test-method is-config="true" signature="setup()[pri:0, instance:com.almashines.tests.SignupPageTests@35d019a3]" started-at="2026-06-14T11:53:18 IST" name="setup" finished-at="2026-06-14T11:53:20 IST" duration-ms="2117" status="PASS">
          <reporter-output>
          </reporter-output>
        </test-method> <!-- setup -->
        <test-method signature="verifyInvalidEmails(java.lang.String)[pri:0, instance:com.almashines.tests.SignupPageTests@35d019a3]" started-at="2026-06-14T11:53:20 IST" name="verifyInvalidEmails" description="Verify invalid email formats" data-provider="invalidEmails" finished-at="2026-06-14T11:53:20 IST" duration-ms="206" status="PASS">
          <params>
            <param index="0">
              <value>
                <![CDATA[@gmail.com]]>
              </value>
            </param>
          </params>
          <reporter-output>
          </reporter-output>
        </test-method> <!-- verifyInvalidEmails -->
        <test-method is-config="true" signature="initializePage()[pri:0, instance:com.almashines.tests.SignupPageTests@35d019a3]" started-at="2026-06-14T11:53:20 IST" name="initializePage" finished-at="2026-06-14T11:53:20 IST" duration-ms="0" status="PASS">
          <reporter-output>
          </reporter-output>
        </test-method> <!-- initializePage -->
        <test-method is-config="true" signature="tearDown()[pri:0, instance:com.almashines.tests.SignupPageTests@35d019a3]" started-at="2026-06-14T11:53:20 IST" name="tearDown" finished-at="2026-06-14T11:53:20 IST" duration-ms="120" status="PASS">
          <reporter-output>
          </reporter-output>
        </test-method> <!-- tearDown -->
        <test-method is-config="true" signature="setup()[pri:0, instance:com.almashines.tests.SignupPageTests@35d019a3]" started-at="2026-06-14T11:53:20 IST" name="setup" finished-at="2026-06-14T11:53:22 IST" duration-ms="2013" status="PASS">
          <reporter-output>
          </reporter-output>
        </test-method> <!-- setup -->
        <test-method signature="verifyInvalidEmails(java.lang.String)[pri:0, instance:com.almashines.tests.SignupPageTests@35d019a3]" started-at="2026-06-14T11:53:22 IST" name="verifyInvalidEmails" description="Verify invalid email formats" data-provider="invalidEmails" finished-at="2026-06-14T11:53:23 IST" duration-ms="728" status="PASS">
          <params>
            <param index="0">
              <value>
                <![CDATA[test@@gmail.com]]>
              </value>
            </param>
          </params>
          <reporter-output>
          </reporter-output>
        </test-method> <!-- verifyInvalidEmails -->
        <test-method is-config="true" signature="initializePage()[pri:0, instance:com.almashines.tests.SignupPageTests@35d019a3]" started-at="2026-06-14T11:53:22 IST" name="initializePage" finished-at="2026-06-14T11:53:22 IST" duration-ms="0" status="PASS">
          <reporter-output>
          </reporter-output>
        </test-method> <!-- initializePage -->
        <test-method is-config="true" signature="tearDown()[pri:0, instance:com.almashines.tests.SignupPageTests@35d019a3]" started-at="2026-06-14T11:53:23 IST" name="tearDown" finished-at="2026-06-14T11:53:23 IST" duration-ms="97" status="PASS">
          <reporter-output>
          </reporter-output>
        </test-method> <!-- tearDown -->
        <test-method is-config="true" signature="setup()[pri:0, instance:com.almashines.tests.SignupPageTests@35d019a3]" started-at="2026-06-14T11:53:23 IST" name="setup" finished-at="2026-06-14T11:53:25 IST" duration-ms="2073" status="PASS">
          <reporter-output>
          </reporter-output>
        </test-method> <!-- setup -->
        <test-method signature="verifyInvalidEmails(java.lang.String)[pri:0, instance:com.almashines.tests.SignupPageTests@35d019a3]" started-at="2026-06-14T11:53:25 IST" name="verifyInvalidEmails" description="Verify invalid email formats" data-provider="invalidEmails" finished-at="2026-06-14T11:53:26 IST" duration-ms="203" status="PASS">
          <params>
            <param index="0">
              <value>
                <![CDATA[test#gmail.com]]>
              </value>
            </param>
          </params>
          <reporter-output>
          </reporter-output>
        </test-method> <!-- verifyInvalidEmails -->
        <test-method is-config="true" signature="initializePage()[pri:0, instance:com.almashines.tests.SignupPageTests@35d019a3]" started-at="2026-06-14T11:53:25 IST" name="initializePage" finished-at="2026-06-14T11:53:25 IST" duration-ms="0" status="PASS">
          <reporter-output>
          </reporter-output>
        </test-method> <!-- initializePage -->
        <test-method is-config="true" signature="tearDown()[pri:0, instance:com.almashines.tests.SignupPageTests@35d019a3]" started-at="2026-06-14T11:53:26 IST" name="tearDown" finished-at="2026-06-14T11:53:26 IST" duration-ms="121" status="PASS">
          <reporter-output>
          </reporter-output>
        </test-method> <!-- tearDown -->
        <test-method is-config="true" signature="setup()[pri:0, instance:com.almashines.tests.SignupPageTests@35d019a3]" started-at="2026-06-14T11:53:26 IST" name="setup" finished-at="2026-06-14T11:53:28 IST" duration-ms="2410" status="PASS">
          <reporter-output>
          </reporter-output>
        </test-method> <!-- setup -->
        <test-method is-config="true" signature="initializePage()[pri:0, instance:com.almashines.tests.SignupPageTests@35d019a3]" started-at="2026-06-14T11:53:28 IST" name="initializePage" finished-at="2026-06-14T11:53:28 IST" duration-ms="1" status="PASS">
          <reporter-output>
          </reporter-output>
        </test-method> <!-- initializePage -->
        <test-method signature="verifyInvalidEmails(java.lang.String)[pri:0, instance:com.almashines.tests.SignupPageTests@35d019a3]" started-at="2026-06-14T11:53:28 IST" name="verifyInvalidEmails" description="Verify invalid email formats" data-provider="invalidEmails" finished-at="2026-06-14T11:53:28 IST" duration-ms="234" status="PASS">
          <params>
            <param index="0">
              <value>
                <![CDATA[test gmail@gmail.com]]>
              </value>
            </param>
          </params>
          <reporter-output>
          </reporter-output>
        </test-method> <!-- verifyInvalidEmails -->
        <test-method is-config="true" signature="tearDown()[pri:0, instance:com.almashines.tests.SignupPageTests@35d019a3]" started-at="2026-06-14T11:53:28 IST" name="tearDown" finished-at="2026-06-14T11:53:28 IST" duration-ms="108" status="PASS">
          <reporter-output>
          </reporter-output>
        </test-method> <!-- tearDown -->
        <test-method is-config="true" signature="setup()[pri:0, instance:com.almashines.tests.SignupPageTests@35d019a3]" started-at="2026-06-14T11:53:28 IST" name="setup" finished-at="2026-06-14T11:53:30 IST" duration-ms="1991" status="PASS">
          <reporter-output>
          </reporter-output>
        </test-method> <!-- setup -->
        <test-method signature="verifyInvalidEmails(java.lang.String)[pri:0, instance:com.almashines.tests.SignupPageTests@35d019a3]" started-at="2026-06-14T11:53:30 IST" name="verifyInvalidEmails" description="Verify invalid email formats" data-provider="invalidEmails" finished-at="2026-06-14T11:53:51 IST" duration-ms="20399" status="FAIL">
          <params>
            <param index="0">
              <value>
                <![CDATA[test..user@gmail.com]]>
              </value>
            </param>
          </params>
          <exception class="org.openqa.selenium.TimeoutException">
            <message>
              <![CDATA[Expected condition failed: waiting for visibility of element located by By.cssSelector: span.mdl-textfield__error (tried for 20 second(s) with 500 milliseconds interval)
Build info: version: '4.22.0', revision: 'c5f3146703*'
System info: os.name: 'Windows 10', os.arch: 'amd64', os.version: '10.0', java.version: '23.0.2'
Driver info: org.openqa.selenium.chrome.ChromeDriver
Capabilities {acceptInsecureCerts: false, browserName: chrome, browserVersion: 148.0.7778.216, chrome: {chromedriverVersion: 148.0.7778.178 (d096af1c9e9..., userDataDir: C:\Users\HP\AppData\Local\T...}, fedcm:accounts: true, goog:chromeOptions: {debuggerAddress: localhost:54475}, goog:processID: 35016, networkConnectionEnabled: false, pageLoadStrategy: normal, platformName: windows, proxy: Proxy(), se:cdp: ws://localhost:54475/devtoo..., se:cdpVersion: 148.0.7778.216, setWindowRect: true, strictFileInteractability: false, timeouts: {implicit: 0, pageLoad: 300000, script: 30000}, unhandledPromptBehavior: dismiss and notify, webauthn:extension:credBlob: true, webauthn:extension:largeBlob: true, webauthn:extension:minPinLength: true, webauthn:extension:prf: true, webauthn:virtualAuthenticators: true}
Session ID: beff10a8904697bce73d0a748447e914]]>
            </message>
            <full-stacktrace>
              <![CDATA[org.openqa.selenium.TimeoutException: Expected condition failed: waiting for visibility of element located by By.cssSelector: span.mdl-textfield__error (tried for 20 second(s) with 500 milliseconds interval)
Build info: version: '4.22.0', revision: 'c5f3146703*'
System info: os.name: 'Windows 10', os.arch: 'amd64', os.version: '10.0', java.version: '23.0.2'
Driver info: org.openqa.selenium.chrome.ChromeDriver
Capabilities {acceptInsecureCerts: false, browserName: chrome, browserVersion: 148.0.7778.216, chrome: {chromedriverVersion: 148.0.7778.178 (d096af1c9e9..., userDataDir: C:\Users\HP\AppData\Local\T...}, fedcm:accounts: true, goog:chromeOptions: {debuggerAddress: localhost:54475}, goog:processID: 35016, networkConnectionEnabled: false, pageLoadStrategy: normal, platformName: windows, proxy: Proxy(), se:cdp: ws://localhost:54475/devtoo..., se:cdpVersion: 148.0.7778.216, setWindowRect: true, strictFileInteractability: false, timeouts: {implicit: 0, pageLoad: 300000, script: 30000}, unhandledPromptBehavior: dismiss and notify, webauthn:extension:credBlob: true, webauthn:extension:largeBlob: true, webauthn:extension:minPinLength: true, webauthn:extension:prf: true, webauthn:virtualAuthenticators: true}
Session ID: beff10a8904697bce73d0a748447e914
at org.openqa.selenium.support.ui.WebDriverWait.timeoutException(WebDriverWait.java:84)
at org.openqa.selenium.support.ui.FluentWait.until(FluentWait.java:228)
at com.almashines.utils.WaitUtils.waitForVisibility(WaitUtils.java:20)
at com.almashines.pages.SignupPage.getEmailValidationMessage(SignupPage.java:48)
at com.almashines.tests.SignupPageTests.verifyInvalidEmails(SignupPageTests.java:68)
at java.base/jdk.internal.reflect.DirectMethodHandleAccessor.invoke(DirectMethodHandleAccessor.java:103)
at java.base/java.lang.reflect.Method.invoke(Method.java:580)
at org.testng.internal.invokers.MethodInvocationHelper.invokeMethod(MethodInvocationHelper.java:141)
at org.testng.internal.invokers.TestInvoker.invokeMethod(TestInvoker.java:686)
at org.testng.internal.invokers.TestInvoker.invokeTestMethod(TestInvoker.java:230)
at org.testng.internal.invokers.MethodRunner.runInSequence(MethodRunner.java:63)
at org.testng.internal.invokers.TestInvoker$MethodInvocationAgent.invoke(TestInvoker.java:992)
at org.testng.internal.invokers.TestInvoker.invokeTestMethods(TestInvoker.java:203)
at org.testng.internal.invokers.TestMethodWorker.invokeTestMethods(TestMethodWorker.java:154)
at org.testng.internal.invokers.TestMethodWorker.run(TestMethodWorker.java:134)
at java.base/java.util.ArrayList.forEach(ArrayList.java:1597)
at org.testng.TestRunner.privateRun(TestRunner.java:739)
at org.testng.TestRunner.run(TestRunner.java:614)
at org.testng.SuiteRunner.runTest(SuiteRunner.java:421)
at org.testng.SuiteRunner.runSequentially(SuiteRunner.java:413)
at org.testng.SuiteRunner.privateRun(SuiteRunner.java:373)
at org.testng.SuiteRunner.run(SuiteRunner.java:312)
at org.testng.SuiteRunnerWorker.runSuite(SuiteRunnerWorker.java:52)
at org.testng.SuiteRunnerWorker.run(SuiteRunnerWorker.java:95)
at org.testng.TestNG.runSuitesSequentially(TestNG.java:1274)
at org.testng.TestNG.runSuitesLocally(TestNG.java:1208)
at org.testng.TestNG.runSuites(TestNG.java:1112)
at org.testng.TestNG.run(TestNG.java:1079)
at org.apache.maven.surefire.testng.TestNGExecutor.run(TestNGExecutor.java:308)
at org.apache.maven.surefire.testng.TestNGXmlTestSuite.execute(TestNGXmlTestSuite.java:71)
at org.apache.maven.surefire.testng.TestNGProvider.invoke(TestNGProvider.java:113)
at org.apache.maven.surefire.booter.ForkedBooter.runSuitesInProcess(ForkedBooter.java:385)
at org.apache.maven.surefire.booter.ForkedBooter.execute(ForkedBooter.java:162)
at org.apache.maven.surefire.booter.ForkedBooter.run(ForkedBooter.java:507)
at org.apache.maven.surefire.booter.ForkedBooter.main(ForkedBooter.java:495)
]]>
            </full-stacktrace>
          </exception> <!-- org.openqa.selenium.TimeoutException -->
          <reporter-output>
          </reporter-output>
        </test-method> <!-- verifyInvalidEmails -->
        <test-method is-config="true" signature="initializePage()[pri:0, instance:com.almashines.tests.SignupPageTests@35d019a3]" started-at="2026-06-14T11:53:30 IST" name="initializePage" finished-at="2026-06-14T11:53:30 IST" duration-ms="0" status="PASS">
          <reporter-output>
          </reporter-output>
        </test-method> <!-- initializePage -->
        <test-method is-config="true" signature="tearDown()[pri:0, instance:com.almashines.tests.SignupPageTests@35d019a3]" started-at="2026-06-14T11:53:51 IST" name="tearDown" finished-at="2026-06-14T11:53:51 IST" duration-ms="168" status="PASS">
          <reporter-output>
          </reporter-output>
        </test-method> <!-- tearDown -->
        <test-method is-config="true" signature="setup()[pri:0, instance:com.almashines.tests.SignupPageTests@35d019a3]" started-at="2026-06-14T11:53:51 IST" name="setup" finished-at="2026-06-14T11:53:53 IST" duration-ms="2455" status="PASS">
          <reporter-output>
          </reporter-output>
        </test-method> <!-- setup -->
        <test-method signature="verifyInvalidEmails(java.lang.String)[pri:0, instance:com.almashines.tests.SignupPageTests@35d019a3]" started-at="2026-06-14T11:53:53 IST" name="verifyInvalidEmails" description="Verify invalid email formats" data-provider="invalidEmails" finished-at="2026-06-14T11:53:54 IST" duration-ms="203" status="PASS">
          <params>
            <param index="0">
              <value>
                <![CDATA[test@gmail..com]]>
              </value>
            </param>
          </params>
          <reporter-output>
          </reporter-output>
        </test-method> <!-- verifyInvalidEmails -->
        <test-method is-config="true" signature="initializePage()[pri:0, instance:com.almashines.tests.SignupPageTests@35d019a3]" started-at="2026-06-14T11:53:53 IST" name="initializePage" finished-at="2026-06-14T11:53:53 IST" duration-ms="0" status="PASS">
          <reporter-output>
          </reporter-output>
        </test-method> <!-- initializePage -->
        <test-method is-config="true" signature="tearDown()[pri:0, instance:com.almashines.tests.SignupPageTests@35d019a3]" started-at="2026-06-14T11:53:54 IST" name="tearDown" finished-at="2026-06-14T11:53:54 IST" duration-ms="138" status="PASS">
          <reporter-output>
          </reporter-output>
        </test-method> <!-- tearDown -->
        <test-method is-config="true" signature="setup()[pri:0, instance:com.almashines.tests.SignupPageTests@35d019a3]" started-at="2026-06-14T11:53:54 IST" name="setup" finished-at="2026-06-14T11:53:56 IST" duration-ms="2099" status="PASS">
          <reporter-output>
          </reporter-output>
        </test-method> <!-- setup -->
        <test-method signature="verifyNextButtonDisplayed()[pri:0, instance:com.almashines.tests.SignupPageTests@35d019a3]" started-at="2026-06-14T11:53:56 IST" name="verifyNextButtonDisplayed" description="Verify next button is displayed" finished-at="2026-06-14T11:53:56 IST" duration-ms="44" status="PASS">
          <reporter-output>
          </reporter-output>
        </test-method> <!-- verifyNextButtonDisplayed -->
        <test-method is-config="true" signature="initializePage()[pri:0, instance:com.almashines.tests.SignupPageTests@35d019a3]" started-at="2026-06-14T11:53:56 IST" name="initializePage" finished-at="2026-06-14T11:53:56 IST" duration-ms="0" status="PASS">
          <reporter-output>
          </reporter-output>
        </test-method> <!-- initializePage -->
        <test-method is-config="true" signature="tearDown()[pri:0, instance:com.almashines.tests.SignupPageTests@35d019a3]" started-at="2026-06-14T11:53:56 IST" name="tearDown" finished-at="2026-06-14T11:53:56 IST" duration-ms="135" status="PASS">
          <reporter-output>
          </reporter-output>
        </test-method> <!-- tearDown -->
        <test-method is-config="true" signature="setup()[pri:0, instance:com.almashines.tests.SignupPageTests@35d019a3]" started-at="2026-06-14T11:53:56 IST" name="setup" finished-at="2026-06-14T11:53:59 IST" duration-ms="3288" status="PASS">
          <reporter-output>
          </reporter-output>
        </test-method> <!-- setup -->
        <test-method signature="verifyUpperCaseEmail()[pri:0, instance:com.almashines.tests.SignupPageTests@35d019a3]" started-at="2026-06-14T11:53:59 IST" name="verifyUpperCaseEmail" description="Verify email field accepts uppercase email" finished-at="2026-06-14T11:54:00 IST" duration-ms="134" status="PASS">
          <reporter-output>
          </reporter-output>
        </test-method> <!-- verifyUpperCaseEmail -->
        <test-method is-config="true" signature="initializePage()[pri:0, instance:com.almashines.tests.SignupPageTests@35d019a3]" started-at="2026-06-14T11:53:59 IST" name="initializePage" finished-at="2026-06-14T11:53:59 IST" duration-ms="0" status="PASS">
          <reporter-output>
          </reporter-output>
        </test-method> <!-- initializePage -->
        <test-method is-config="true" signature="tearDown()[pri:0, instance:com.almashines.tests.SignupPageTests@35d019a3]" started-at="2026-06-14T11:54:00 IST" name="tearDown" finished-at="2026-06-14T11:54:00 IST" duration-ms="118" status="PASS">
          <reporter-output>
          </reporter-output>
        </test-method> <!-- tearDown -->
        <test-method is-config="true" signature="setup()[pri:0, instance:com.almashines.tests.SignupPageTests@35d019a3]" started-at="2026-06-14T11:54:00 IST" name="setup" finished-at="2026-06-14T11:54:05 IST" duration-ms="4992" status="PASS">
          <reporter-output>
          </reporter-output>
        </test-method> <!-- setup -->
        <test-method is-config="true" signature="initializePage()[pri:0, instance:com.almashines.tests.SignupPageTests@35d019a3]" started-at="2026-06-14T11:54:05 IST" name="initializePage" finished-at="2026-06-14T11:54:05 IST" duration-ms="0" status="PASS">
          <reporter-output>
          </reporter-output>
        </test-method> <!-- initializePage -->
        <test-method signature="verifyValidEmail()[pri:0, instance:com.almashines.tests.SignupPageTests@35d019a3]" started-at="2026-06-14T11:54:05 IST" name="verifyValidEmail" description="Verify email field accepts valid email" finished-at="2026-06-14T11:54:05 IST" duration-ms="132" status="PASS">
          <reporter-output>
          </reporter-output>
        </test-method> <!-- verifyValidEmail -->
        <test-method is-config="true" signature="tearDown()[pri:0, instance:com.almashines.tests.SignupPageTests@35d019a3]" started-at="2026-06-14T11:54:05 IST" name="tearDown" finished-at="2026-06-14T11:54:05 IST" duration-ms="115" status="PASS">
          <reporter-output>
          </reporter-output>
        </test-method> <!-- tearDown -->
      </class> <!-- com.almashines.tests.SignupPageTests -->
      <class name="com.almashines.tests.HybridSignupTests">
        <test-method is-config="true" signature="setup()[pri:0, instance:com.almashines.tests.HybridSignupTests@6a78afa0]" started-at="2026-06-14T11:55:45 IST" name="setup" finished-at="2026-06-14T11:55:49 IST" duration-ms="4279" status="PASS">
          <reporter-output>
          </reporter-output>
        </test-method> <!-- setup -->
        <test-method signature="verifyEndToEndSignupHybrid(java.lang.String,java.lang.String,java.lang.String)[pri:0, instance:com.almashines.tests.HybridSignupTests@6a78afa0]" started-at="2026-06-14T11:55:49 IST" name="verifyEndToEndSignupHybrid" data-provider="validRoleData" finished-at="2026-06-14T11:56:06 IST" duration-ms="17034" status="PASS">
          <params>
            <param index="0">
              <value>
                <![CDATA[Alumni (Past Student)]]>
              </value>
            </param>
            <param index="1">
              <value>
                <![CDATA[2018]]>
              </value>
            </param>
            <param index="2">
              <value>
                <![CDATA[2022]]>
              </value>
            </param>
          </params>
          <reporter-output>
          </reporter-output>
        </test-method> <!-- verifyEndToEndSignupHybrid -->
        <test-method is-config="true" signature="tearDown()[pri:0, instance:com.almashines.tests.HybridSignupTests@6a78afa0]" started-at="2026-06-14T11:56:06 IST" name="tearDown" finished-at="2026-06-14T11:56:06 IST" duration-ms="187" status="PASS">
          <reporter-output>
          </reporter-output>
        </test-method> <!-- tearDown -->
      </class> <!-- com.almashines.tests.HybridSignupTests -->
      <class name="com.almashines.tests.ExistingUserTests">
        <test-method is-config="true" signature="setup()[pri:0, instance:com.almashines.tests.ExistingUserTests@1165b38]" started-at="2026-06-14T11:54:05 IST" name="setup" finished-at="2026-06-14T11:54:08 IST" duration-ms="3269" status="PASS">
          <reporter-output>
          </reporter-output>
        </test-method> <!-- setup -->
        <test-method signature="verifyExistingUser(java.lang.String)[pri:0, instance:com.almashines.tests.ExistingUserTests@1165b38]" started-at="2026-06-14T11:54:08 IST" name="verifyExistingUser" description="Verify existing user is redirected to login page" data-provider="existingEmails" finished-at="2026-06-14T11:54:09 IST" duration-ms="734" status="PASS">
          <params>
            <param index="0">
              <value>
                <![CDATA[petavem197@preparmy.com]]>
              </value>
            </param>
          </params>
          <reporter-output>
          </reporter-output>
        </test-method> <!-- verifyExistingUser -->
        <test-method is-config="true" signature="tearDown()[pri:0, instance:com.almashines.tests.ExistingUserTests@1165b38]" started-at="2026-06-14T11:54:09 IST" name="tearDown" finished-at="2026-06-14T11:54:09 IST" duration-ms="124" status="PASS">
          <reporter-output>
          </reporter-output>
        </test-method> <!-- tearDown -->
      </class> <!-- com.almashines.tests.ExistingUserTests -->
    </test> <!-- SignupAssessment -->
  </suite> <!-- AlmaShinesSuite -->
</testng-results>
