<?xml version="1.0" encoding="UTF-8"?>
<!-- Generated by org.testng.reporters.JUnitReportReporter -->
<testsuite hostname="DESKTOP-R44EK2P" failures="0" tests="11" name="com.almashines.tests.UserDetailsTests" time="41.251" errors="0" timestamp="2026-06-14T11:56:06 IST" skipped="0">
  <testcase classname="com.almashines.tests.UserDetailsTests" name="verifyWeakPassword" time="6.579"/>
  <testcase classname="com.almashines.tests.UserDetailsTests" name="verifyWeakPassword" time="3.237"/>
  <testcase classname="com.almashines.tests.UserDetailsTests" name="verifyWeakPassword" time="3.212"/>
  <testcase classname="com.almashines.tests.UserDetailsTests" name="verifyWeakPassword" time="3.074"/>
  <testcase classname="com.almashines.tests.UserDetailsTests" name="verifyWeakPassword" time="3.198"/>
  <testcase classname="com.almashines.tests.UserDetailsTests" name="verifyPasswordMismatch" time="3.431"/>
  <testcase classname="com.almashines.tests.UserDetailsTests" name="verifyPasswordMismatch" time="3.215"/>
  <testcase classname="com.almashines.tests.UserDetailsTests" name="verifyWeakPassword" time="3.115"/>
  <testcase classname="com.almashines.tests.UserDetailsTests" name="verifyWeakPassword" time="3.278"/>
  <testcase classname="com.almashines.tests.UserDetailsTests" name="verifyWeakPassword" time="3.421"/>
  <testcase classname="com.almashines.tests.UserDetailsTests" name="verifyValidUserDetails" time="5.491"/>
</testsuite> <!-- com.almashines.tests.UserDetailsTests -->
