<?xml version="1.0" encoding="UTF-8"?>
<!-- Generated by org.testng.reporters.JUnitXMLReporter -->
<testsuite ignored="0" hostname="DESKTOP-R44EK2P" failures="2" tests="33" name="SignupAssessment" time="182.263" errors="0" timestamp="2026-06-14T11:56:06 IST">
  <testcase classname="com.almashines.tests.SignupPageTests" name="verifyBlankEmail" time="0.111"/>
  <testcase classname="com.almashines.tests.SignupPageTests" name="verifyEmailFieldDisplayed" time="0.032"/>
  <testcase classname="com.almashines.tests.SignupPageTests" name="verifyInvalidEmails" time="0.746"/>
  <testcase classname="com.almashines.tests.SignupPageTests" name="verifyInvalidEmails" time="0.2"/>
  <testcase classname="com.almashines.tests.SignupPageTests" name="verifyInvalidEmails" time="0.196"/>
  <testcase classname="com.almashines.tests.SignupPageTests" name="verifyInvalidEmails" time="0.206"/>
  <testcase classname="com.almashines.tests.SignupPageTests" name="verifyInvalidEmails" time="0.728"/>
  <testcase classname="com.almashines.tests.SignupPageTests" name="verifyInvalidEmails" time="0.203"/>
  <testcase classname="com.almashines.tests.SignupPageTests" name="verifyInvalidEmails" time="0.234"/>
  <testcase classname="com.almashines.tests.SignupPageTests" name="verifyInvalidEmails" time="20.399">
    <failure type="org.openqa.selenium.TimeoutException" message="Expected condition failed: waiting for visibility of element located by By.cssSelector: span.mdl-textfield__error (tried for 20 second(s) with 500 milliseconds interval)
Build info: version: &amp;apos;4.22.0&amp;apos;, revision: &amp;apos;c5f3146703*&amp;apos;
System info: os.name: &amp;apos;Windows 10&amp;apos;, os.arch: &amp;apos;amd64&amp;apos;, os.version: &amp;apos;10.0&amp;apos;, java.version: &amp;apos;23.0.2&amp;apos;
Driver info: org.openqa.selenium.chrome.ChromeDriver
Capabilities {acceptInsecureCerts: false, browserName: chrome, browserVersion: 148.0.7778.216, chrome: {chromedriverVersion: 148.0.7778.178 (d096af1c9e9..., userDataDir: C:\Users\HP\AppData\Local\T...}, fedcm:accounts: true, goog:chromeOptions: {debuggerAddress: localhost:54475}, goog:processID: 35016, networkConnectionEnabled: false, pageLoadStrategy: normal, platformName: windows, proxy: Proxy(), se:cdp: ws://localhost:54475/devtoo..., se:cdpVersion: 148.0.7778.216, setWindowRect: true, strictFileInteractability: false, timeouts: {implicit: 0, pageLoad: 300000, script: 30000}, unhandledPromptBehavior: dismiss and notify, webauthn:extension:credBlob: true, webauthn:extension:largeBlob: true, webauthn:extension:minPinLength: true, webauthn:extension:prf: true, webauthn:virtualAuthenticators: true}
Session ID: beff10a8904697bce73d0a748447e914">
      <![CDATA[org.openqa.selenium.TimeoutException: Expected condition failed: waiting for visibility of element located by By.cssSelector: span.mdl-textfield__error (tried for 20 second(s) with 500 milliseconds interval)
Build info: version: '4.22.0', revision: 'c5f3146703*'
System info: os.name: 'Windows 10', os.arch: 'amd64', os.version: '10.0', java.version: '23.0.2'
Driver info: org.openqa.selenium.chrome.ChromeDriver
Capabilities {acceptInsecureCerts: false, browserName: chrome, browserVersion: 148.0.7778.216, chrome: {chromedriverVersion: 148.0.7778.178 (d096af1c9e9..., userDataDir: C:\Users\HP\AppData\Local\T...}, fedcm:accounts: true, goog:chromeOptions: {debuggerAddress: localhost:54475}, goog:processID: 35016, networkConnectionEnabled: false, pageLoadStrategy: normal, platformName: windows, proxy: Proxy(), se:cdp: ws://localhost:54475/devtoo..., se:cdpVersion: 148.0.7778.216, setWindowRect: true, strictFileInteractability: false, timeouts: {implicit: 0, pageLoad: 300000, script: 30000}, unhandledPromptBehavior: dismiss and notify, webauthn:extension:credBlob: true, webauthn:extension:largeBlob: true, webauthn:extension:minPinLength: true, webauthn:extension:prf: true, webauthn:virtualAuthenticators: true}
Session ID: beff10a8904697bce73d0a748447e914
at org.openqa.selenium.support.ui.WebDriverWait.timeoutException(WebDriverWait.java:84)
at org.openqa.selenium.support.ui.FluentWait.until(FluentWait.java:228)
at com.almashines.utils.WaitUtils.waitForVisibility(WaitUtils.java:20)
at com.almashines.pages.SignupPage.getEmailValidationMessage(SignupPage.java:48)
at com.almashines.tests.SignupPageTests.verifyInvalidEmails(SignupPageTests.java:68)
at java.base/java.util.ArrayList.forEach(ArrayList.java:1597)
... Removed 29 stack frames]]>
    </failure>
  </testcase> <!-- verifyInvalidEmails -->
  <testcase classname="com.almashines.tests.SignupPageTests" name="verifyInvalidEmails" time="0.203"/>
  <testcase classname="com.almashines.tests.SignupPageTests" name="verifyNextButtonDisplayed" time="0.044"/>
  <testcase classname="com.almashines.tests.SignupPageTests" name="verifyUpperCaseEmail" time="0.134"/>
  <testcase classname="com.almashines.tests.SignupPageTests" name="verifyValidEmail" time="0.132"/>
  <testcase classname="com.almashines.tests.ExistingUserTests" name="verifyExistingUser" time="0.734"/>
  <testcase classname="com.almashines.tests.UserDetailsTests" name="verifyPasswordMismatch" time="0.851"/>
  <testcase classname="com.almashines.tests.UserDetailsTests" name="verifyPasswordMismatch" time="0.857"/>
  <testcase classname="com.almashines.tests.UserDetailsTests" name="verifyValidUserDetails" time="2.963"/>
  <testcase classname="com.almashines.tests.UserDetailsTests" name="verifyWeakPassword" time="0.83"/>
  <testcase classname="com.almashines.tests.UserDetailsTests" name="verifyWeakPassword" time="0.845"/>
  <testcase classname="com.almashines.tests.UserDetailsTests" name="verifyWeakPassword" time="0.838"/>
  <testcase classname="com.almashines.tests.UserDetailsTests" name="verifyWeakPassword" time="0.843"/>
  <testcase classname="com.almashines.tests.UserDetailsTests" name="verifyWeakPassword" time="0.852"/>
  <testcase classname="com.almashines.tests.UserDetailsTests" name="verifyWeakPassword" time="0.832"/>
  <testcase classname="com.almashines.tests.UserDetailsTests" name="verifyWeakPassword" time="0.85"/>
  <testcase classname="com.almashines.tests.UserDetailsTests" name="verifyWeakPassword" time="0.855"/>
  <testcase classname="com.almashines.tests.OTPTests" name="verifyBlankOTP" time="1.166"/>
  <testcase classname="com.almashines.tests.OTPTests" name="verifyInvalidOTP" time="2.798"/>
  <testcase classname="com.almashines.tests.OTPTests" name="verifyInvalidOTP" time="2.768"/>
  <testcase classname="com.almashines.tests.OTPTests" name="verifyInvalidOTP" time="2.804"/>
  <testcase classname="com.almashines.tests.OTPTests" name="verifyOTPPageDisplayed" time="2.118"/>
  <testcase classname="com.almashines.tests.OTPTests" name="verifyOTPResendLimit" time="22.486">
    <failure type="org.openqa.selenium.TimeoutException" message="Expected condition failed: waiting for visibility of element located by By.cssSelector: div.swal-text (tried for 20 second(s) with 500 milliseconds interval)
Build info: version: &amp;apos;4.22.0&amp;apos;, revision: &amp;apos;c5f3146703*&amp;apos;
System info: os.name: &amp;apos;Windows 10&amp;apos;, os.arch: &amp;apos;amd64&amp;apos;, os.version: &amp;apos;10.0&amp;apos;, java.version: &amp;apos;23.0.2&amp;apos;
Driver info: org.openqa.selenium.chrome.ChromeDriver
Capabilities {acceptInsecureCerts: false, browserName: chrome, browserVersion: 148.0.7778.216, chrome: {chromedriverVersion: 148.0.7778.178 (d096af1c9e9..., userDataDir: C:\Users\HP\AppData\Local\T...}, fedcm:accounts: true, goog:chromeOptions: {debuggerAddress: localhost:55459}, goog:processID: 16644, networkConnectionEnabled: false, pageLoadStrategy: normal, platformName: windows, proxy: Proxy(), se:cdp: ws://localhost:55459/devtoo..., se:cdpVersion: 148.0.7778.216, setWindowRect: true, strictFileInteractability: false, timeouts: {implicit: 0, pageLoad: 300000, script: 30000}, unhandledPromptBehavior: dismiss and notify, webauthn:extension:credBlob: true, webauthn:extension:largeBlob: true, webauthn:extension:minPinLength: true, webauthn:extension:prf: true, webauthn:virtualAuthenticators: true}
Session ID: 04f62cb62a0e2ccc8ae1a404a1d75348">
      <![CDATA[org.openqa.selenium.TimeoutException: Expected condition failed: waiting for visibility of element located by By.cssSelector: div.swal-text (tried for 20 second(s) with 500 milliseconds interval)
Build info: version: '4.22.0', revision: 'c5f3146703*'
System info: os.name: 'Windows 10', os.arch: 'amd64', os.version: '10.0', java.version: '23.0.2'
Driver info: org.openqa.selenium.chrome.ChromeDriver
Capabilities {acceptInsecureCerts: false, browserName: chrome, browserVersion: 148.0.7778.216, chrome: {chromedriverVersion: 148.0.7778.178 (d096af1c9e9..., userDataDir: C:\Users\HP\AppData\Local\T...}, fedcm:accounts: true, goog:chromeOptions: {debuggerAddress: localhost:55459}, goog:processID: 16644, networkConnectionEnabled: false, pageLoadStrategy: normal, platformName: windows, proxy: Proxy(), se:cdp: ws://localhost:55459/devtoo..., se:cdpVersion: 148.0.7778.216, setWindowRect: true, strictFileInteractability: false, timeouts: {implicit: 0, pageLoad: 300000, script: 30000}, unhandledPromptBehavior: dismiss and notify, webauthn:extension:credBlob: true, webauthn:extension:largeBlob: true, webauthn:extension:minPinLength: true, webauthn:extension:prf: true, webauthn:virtualAuthenticators: true}
Session ID: 04f62cb62a0e2ccc8ae1a404a1d75348
at org.openqa.selenium.support.ui.WebDriverWait.timeoutException(WebDriverWait.java:84)
at org.openqa.selenium.support.ui.FluentWait.until(FluentWait.java:228)
at com.almashines.utils.WaitUtils.waitForVisibility(WaitUtils.java:20)
at com.almashines.pages.OTPPage.getPopupMessage(OTPPage.java:44)
at com.almashines.tests.OTPTests.verifyOTPResendLimit(OTPTests.java:85)
at java.base/java.util.ArrayList.forEach(ArrayList.java:1597)
... Removed 29 stack frames]]>
    </failure>
  </testcase> <!-- verifyOTPResendLimit -->
  <testcase classname="com.almashines.tests.HybridSignupTests" name="verifyEndToEndSignupHybrid" time="17.034"/>
</testsuite> <!-- SignupAssessment -->
